anddd/launcher/build/intermediates/manifest_merge_blame_file/debug/manifest-merger-blame-debug-report.txt
1<?xml version="1.0" encoding="utf-8"?>
2<!-- GENERATED BY UNITY. REMOVE THIS COMMENT TO PREVENT OVERWRITING WHEN EXPORTING AGAIN -->
3<manifest xmlns:android="http://schemas.android.com/apk/res/android"
4    package="com.DefaultCompany.com.unity.template.mobile2D"
5    android:installLocation="preferExternal"
6    android:versionCode="1"
7    android:versionName="1.0.2" >
8
9    <uses-sdk
10        android:minSdkVersion="19"
10-->src/main/AndroidManifest.xml
11        android:targetSdkVersion="29" />
11-->src/main/AndroidManifest.xml
12
13    <supports-screens
13-->src/main/AndroidManifest.xml:4:3-163
14        android:anyDensity="true"
14-->src/main/AndroidManifest.xml:4:135-160
15        android:largeScreens="true"
15-->src/main/AndroidManifest.xml:4:78-105
16        android:normalScreens="true"
16-->src/main/AndroidManifest.xml:4:49-77
17        android:smallScreens="true"
17-->src/main/AndroidManifest.xml:4:21-48
18        android:xlargeScreens="true" />
18-->src/main/AndroidManifest.xml:4:106-134
19
20    <uses-permission android:name="android.permission.ACCESS_NETWORK_STATE" />
20-->src/main/AndroidManifest.xml:8:3-77
20-->src/main/AndroidManifest.xml:8:20-74
21    <uses-permission android:name="android.permission.INTERNET" />
21-->src/main/AndroidManifest.xml:9:3-65
21-->src/main/AndroidManifest.xml:9:20-62
22
23    <uses-feature android:glEsVersion="0x00030000" />
23-->[:unityLibrary] AndroidManifest.xml:13:5-54
23-->[:unityLibrary] AndroidManifest.xml:13:19-51
24    <uses-feature
24-->[:unityLibrary] AndroidManifest.xml:14:5-16:36
25        android:name="android.hardware.vulkan.version"
25-->[:unityLibrary] AndroidManifest.xml:15:9-55
26        android:required="false" />
26-->[:unityLibrary] AndroidManifest.xml:16:9-33
27    <uses-feature
27-->[:unityLibrary] AndroidManifest.xml:20:5-22:36
28        android:name="android.hardware.touchscreen"
28-->[:unityLibrary] AndroidManifest.xml:21:9-52
29        android:required="false" />
29-->[:unityLibrary] AndroidManifest.xml:22:9-33
30    <uses-feature
30-->[:unityLibrary] AndroidManifest.xml:23:5-25:36
31        android:name="android.hardware.touchscreen.multitouch"
31-->[:unityLibrary] AndroidManifest.xml:24:9-63
32        android:required="false" />
32-->[:unityLibrary] AndroidManifest.xml:25:9-33
33    <uses-feature
33-->[:unityLibrary] AndroidManifest.xml:26:5-28:36
34        android:name="android.hardware.touchscreen.multitouch.distinct"
34-->[:unityLibrary] AndroidManifest.xml:27:9-72
35        android:required="false" />
35-->[:unityLibrary] AndroidManifest.xml:28:9-33
36
37    <application
37-->src/main/AndroidManifest.xml:5:3-7:17
38        android:debuggable="true"
39        android:extractNativeLibs="true"
39-->src/main/AndroidManifest.xml:5:16-48
40        android:icon="@mipmap/app_icon"
40-->src/main/AndroidManifest.xml:5:82-113
41        android:label="@string/app_name"
41-->src/main/AndroidManifest.xml:5:49-81
42        android:testOnly="true" >
43        <meta-data
43-->src/main/AndroidManifest.xml:6:5-79
44            android:name="unity.builder"
44-->src/main/AndroidManifest.xml:6:16-44
45            android:value="\12369792708835" />
45-->src/main/AndroidManifest.xml:6:45-76
46
47        <activity
47-->[:unityLibrary] AndroidManifest.xml:31:9-50:20
48            android:name="com.unity3d.player.UnityPlayerActivity"
48-->[:unityLibrary] AndroidManifest.xml:32:13-66
49            android:configChanges="mcc|mnc|locale|touchscreen|keyboard|keyboardHidden|navigation|orientation|screenLayout|uiMode|screenSize|smallestScreenSize|fontScale|layoutDirection|density"
49-->[:unityLibrary] AndroidManifest.xml:33:13-194
50            android:hardwareAccelerated="false"
50-->[:unityLibrary] AndroidManifest.xml:34:13-48
51            android:launchMode="singleTask"
51-->[:unityLibrary] AndroidManifest.xml:35:13-44
52            android:screenOrientation="sensorLandscape"
52-->[:unityLibrary] AndroidManifest.xml:36:13-56
53            android:theme="@style/UnityThemeSelector" >
53-->[:unityLibrary] AndroidManifest.xml:37:13-54
54            <intent-filter>
54-->[:unityLibrary] AndroidManifest.xml:38:13-42:29
55                <action android:name="android.intent.action.MAIN" />
55-->[:unityLibrary] AndroidManifest.xml:39:17-69
55-->[:unityLibrary] AndroidManifest.xml:39:25-66
56
57                <category android:name="android.intent.category.LAUNCHER" />
57-->[:unityLibrary] AndroidManifest.xml:41:17-77
57-->[:unityLibrary] AndroidManifest.xml:41:27-74
58            </intent-filter>
59
60            <meta-data
60-->[:unityLibrary] AndroidManifest.xml:44:13-46:40
61                android:name="unityplayer.UnityActivity"
61-->[:unityLibrary] AndroidManifest.xml:45:17-57
62                android:value="true" />
62-->[:unityLibrary] AndroidManifest.xml:46:17-37
63            <meta-data
63-->[:unityLibrary] AndroidManifest.xml:47:13-49:40
64                android:name="android.notch_support"
64-->[:unityLibrary] AndroidManifest.xml:48:17-53
65                android:value="true" />
65-->[:unityLibrary] AndroidManifest.xml:49:17-37
66        </activity>
67
68        <meta-data
68-->[:unityLibrary] AndroidManifest.xml:52:9-54:33
69            android:name="unity.splash-mode"
69-->[:unityLibrary] AndroidManifest.xml:53:13-45
70            android:value="0" />
70-->[:unityLibrary] AndroidManifest.xml:54:13-30
71        <meta-data
71-->[:unityLibrary] AndroidManifest.xml:55:9-57:36
72            android:name="unity.splash-enable"
72-->[:unityLibrary] AndroidManifest.xml:56:13-47
73            android:value="True" />
73-->[:unityLibrary] AndroidManifest.xml:57:13-33
74        <meta-data
74-->[:unityLibrary] AndroidManifest.xml:58:9-60:50
75            android:name="notch.config"
75-->[:unityLibrary] AndroidManifest.xml:59:13-40
76            android:value="portrait|landscape" />
76-->[:unityLibrary] AndroidManifest.xml:60:13-47
77        <meta-data
77-->[:unityLibrary] AndroidManifest.xml:61:9-63:68
78            android:name="unity.build-id"
78-->[:unityLibrary] AndroidManifest.xml:62:13-42
79            android:value="cc9bcc52-27e5-44e8-85fb-d636accd356f" />
79-->[:unityLibrary] AndroidManifest.xml:63:13-65
80
81        <receiver
81-->[:unityLibrary] AndroidManifest.xml:65:9-67:39
82            android:name="com.unity.androidnotifications.UnityNotificationManager"
82-->[:unityLibrary] AndroidManifest.xml:66:13-83
83            android:exported="true" />
83-->[:unityLibrary] AndroidManifest.xml:67:13-36
84        <receiver
84-->[:unityLibrary] AndroidManifest.xml:68:9-74:20
85            android:name="com.unity.androidnotifications.UnityNotificationRestartOnBootReceiver"
85-->[:unityLibrary] AndroidManifest.xml:69:13-97
86            android:enabled="false" >
86-->[:unityLibrary] AndroidManifest.xml:70:13-36
87            <intent-filter>
87-->[:unityLibrary] AndroidManifest.xml:71:13-73:29
88                <action android:name="android.intent.action.BOOT_COMPLETED" />
88-->[:unityLibrary] AndroidManifest.xml:72:17-79
88-->[:unityLibrary] AndroidManifest.xml:72:25-76
89            </intent-filter>
90        </receiver>
91    </application>
92
93</manifest>